<?xml version="1.0" encoding="UTF-8"?>
<testng-results ignored="0" total="1" passed="1" failed="0" skipped="0">
  <reporter-output>
  </reporter-output>
  <suite started-at="2023-12-18T20:18:47 IST" name="Default suite" finished-at="2023-12-18T20:18:53 IST" duration-ms="5938">
    <groups>
    </groups>
    <test started-at="2023-12-18T20:18:47 IST" name="Default test" finished-at="2023-12-18T20:18:53 IST" duration-ms="5938">
      <class name="tests.DatePickersTest">
        <test-method is-config="true" signature="launchBrowser()[pri:0, instance:tests.DatePickersTest@4c583ecf]" started-at="2023-12-18T20:18:47 IST" name="launchBrowser" finished-at="2023-12-18T20:18:52 IST" duration-ms="5008" status="PASS">
          <reporter-output>
          </reporter-output>
        </test-method> <!-- launchBrowser -->
        <test-method signature="verifyDatePicker()[pri:0, instance:tests.DatePickersTest@4c583ecf]" started-at="2023-12-18T20:18:52 IST" name="verifyDatePicker" finished-at="2023-12-18T20:18:53 IST" duration-ms="864" status="PASS">
          <reporter-output>
          </reporter-output>
        </test-method> <!-- verifyDatePicker -->
      </class> <!-- tests.DatePickersTest -->
    </test> <!-- Default test -->
  </suite> <!-- Default suite -->
</testng-results>
